{
  "RSpec": {
    "coverage": {
      "/Users/apprentice/Desktop/stack-overflow-workshop-challenge/dbc_overflow/app/helpers/ansvotes_helper.rb": [
        1,
        null
      ],
      "/Users/apprentice/Desktop/stack-overflow-workshop-challenge/dbc_overflow/app/helpers/answers_helper.rb": [
        1,
        null
      ],
      "/Users/apprentice/Desktop/stack-overflow-workshop-challenge/dbc_overflow/app/helpers/application_helper.rb": [
        1,
        null
      ],
      "/Users/apprentice/Desktop/stack-overflow-workshop-challenge/dbc_overflow/app/helpers/questions_helper.rb": [
        1,
        null
      ],
      "/Users/apprentice/Desktop/stack-overflow-workshop-challenge/dbc_overflow/app/helpers/votes_helper.rb": [
        1,
        null
      ],
      "/Users/apprentice/Desktop/stack-overflow-workshop-challenge/dbc_overflow/app/controllers/answers_controller.rb": [
        1,
        1,
        null,
        0,
        null,
        0,
        null,
        0,
        null,
        0,
        0,
        null,
        0,
        0,
        null,
        null,
        null,
        null,
        null,
        1,
        0,
        0,
        0,
        null,
        null,
        1,
        0,
        0,
        0,
        null,
        null,
        1,
        0,
        null,
        null
      ],
      "/Users/apprentice/Desktop/stack-overflow-workshop-challenge/dbc_overflow/app/controllers/application_controller.rb": [
        1,
        null,
        null,
        1,
        null
      ],
      "/Users/apprentice/Desktop/stack-overflow-workshop-challenge/dbc_overflow/app/controllers/questions_controller.rb": [
        1,
        1,
        3,
        3,
        2,
        null,
        null,
        null,
        null,
        null,
        1,
        1,
        1,
        null,
        null,
        null,
        null,
        null,
        1,
        0,
        null,
        null,
        1,
        1,
        null,
        1,
        1,
        null,
        null,
        1,
        0,
        0,
        0,
        null,
        null,
        null,
        null,
        null,
        null,
        null,
        null,
        null,
        null,
        null,
        null,
        null,
        null,
        1,
        null,
        1,
        0,
        null,
        null,
        null
      ],
      "/Users/apprentice/Desktop/stack-overflow-workshop-challenge/dbc_overflow/app/models/ansvote.rb": [
        1,
        1,
        null
      ],
      "/Users/apprentice/Desktop/stack-overflow-workshop-challenge/dbc_overflow/app/models/answer.rb": [
        1,
        1,
        1,
        1,
        null,
        1,
        null
      ],
      "/Users/apprentice/Desktop/stack-overflow-workshop-challenge/dbc_overflow/app/models/question.rb": [
        1,
        1,
        1,
        1,
        null
      ],
      "/Users/apprentice/Desktop/stack-overflow-workshop-challenge/dbc_overflow/app/models/vote.rb": [
        1,
        1,
        null
      ]
    },
    "timestamp": 1428464846
  }
}
